C51 COMPILER V9.00   LCD12864                                                              07/11/2013 17:06:51 PAGE 1   


C51 COMPILER V9.00, COMPILATION OF MODULE LCD12864
OBJECT MODULE PLACED IN LCD12864.OBJ
COMPILER INVOKED BY: C:\Keil\C51\BIN\C51.EXE LCD12864.c BROWSE DEBUG OBJECTEXTEND

line level    source

   1          #include "LCD12864.h"
   2          
   3          //********************************************************************
   4          //LCD12864  忙 信号检测
   5          //********************************************************************
   6          void LCD12864_WaitIdle()
   7          
   8          {
   9   1              unsigned char i;
  10   1              LCD12864_DA_PORT = 0xff;
  11   1              LCD12864_RS_PORT = 0;
  12   1              LCD12864_RW_PORT = 1;
  13   1              LCD12864_E_PORT = 1;
  14   1              while((LCD12864_DA_PORT&0x80)==1); /*等待BF 不为1*/
  15   1              LCD12864_E_PORT = 0;
  16   1              for(i=0;i<5;i++);
  17   1      }
  18          
  19          
  20          //********************************************************************
  21          //检测忙信号写入命令字  com_da 为待写入的命令字
  22          //********************************************************************
  23          void LCD12864_COM_Write( unsigned char com_da)  
  24          {
  25   1              LCD12864_WaitIdle();
  26   1              LCD12864_RS_PORT = 0;
  27   1              LCD12864_RW_PORT = 0;
  28   1              LCD12864_DA_PORT = com_da;
  29   1              LCD12864_E_PORT = 1;
  30   1              _nop_();
  31   1              _nop_();        
  32   1              _nop_();
  33   1              _nop_();
  34   1              _nop_();
  35   1              _nop_();
  36   1              _nop_();
  37   1              _nop_();
  38   1              LCD12864_E_PORT = 0;    
  39   1      }
  40          
  41          //********************************************************************
  42          //不检测忙信号写入命令字                com_da 为待写入的命令字
  43          //********************************************************************
  44          void LCD12864_NoWaitIdle_COM_Write(unsigned char com_da)        
  45          {
  46   1              LCD12864_RS_PORT = 0;
  47   1              LCD12864_RW_PORT = 0;
  48   1              LCD12864_DA_PORT = com_da;
  49   1              LCD12864_E_PORT = 1;
  50   1              _nop_();
  51   1              _nop_();
  52   1              _nop_();
  53   1              _nop_();
  54   1              _nop_();
  55   1              _nop_();
C51 COMPILER V9.00   LCD12864                                                              07/11/2013 17:06:51 PAGE 2   

  56   1              _nop_();
  57   1              _nop_();
  58   1              LCD12864_E_PORT = 0;    
  59   1      }
  60          
  61          //********************************************************************
  62          //数据写入              da  为待写入的8位数据
  63          //********************************************************************
  64          void LCD12864_Data_Write(unsigned char da)
  65          
  66          {
  67   1              LCD12864_WaitIdle(); /*检测忙信号*/
  68   1              LCD12864_RS_PORT = 1;
  69   1              LCD12864_RW_PORT = 0;
  70   1              LCD12864_DA_PORT = da;
  71   1              LCD12864_E_PORT = 1;
  72   1              _nop_();
  73   1              _nop_();
  74   1              _nop_();
  75   1              _nop_();
  76   1              _nop_();
  77   1              _nop_();
  78   1              _nop_();
  79   1              _nop_();
  80   1              LCD12864_E_PORT = 0;    
  81   1      }
  82          
  83          
  84          //*************************************************************************************
  85          //写连续字符函数
  86          //*************************************************************************************
  87          void LCD12864_write_word(unsigned char *s)
  88          {
  89   1              while(*s>0)
  90   1              {
  91   2                      LCD12864_Data_Write(*s);
  92   2                      s++;
  93   2              }
  94   1      }
  95          
  96          //********************************************************************
  97          //1MS为单位的延时程序，不准确
  98          //********************************************************************
  99          void lcd_delay_ms(unsigned char x)
 100          {
 101   1          unsigned char j;
 102   1          while(x--){
 103   2              for(j=0;j<125;j++)
 104   2                  {;}
 105   2              }   
 106   1      }
 107          
 108          
 109          //********************************************************************
 110          //LCD12864初始化
 111          //********************************************************************
 112          void LCD12864_Reset()
 113          {
 114   1              lcd_delay_ms(100); /*适当延时待LCD自动复位完成*/
 115   1              LCD12864_NoWaitIdle_COM_Write(0x30); /*使用8位并口通讯*/
 116   1              lcd_delay_ms(10);
 117   1              LCD12864_NoWaitIdle_COM_Write(0x30); /*使用8位并口通讯*/
C51 COMPILER V9.00   LCD12864                                                              07/11/2013 17:06:51 PAGE 3   

 118   1              lcd_delay_ms(10);
 119   1              LCD12864_NoWaitIdle_COM_Write(0x0c); /*显示开及光标设置*/
 120   1              lcd_delay_ms(10);
 121   1              LCD12864_NoWaitIdle_COM_Write(0x01); /*显示清屏*/
 122   1              lcd_delay_ms(30);
 123   1              LCD12864_NoWaitIdle_COM_Write(0x06); /*DDRAM的地址计数器（AC）加1*/
 124   1              lcd_delay_ms(30);       
 125   1      }
 126          
 127          
 128          //void LCD12864_PHOTO_SET()
 129          //{
 130          //      LCD12864_COM_Write(0x36);
 131          //      lcd_delay_ms(10);
 132          //      LCD12864_COM_Write(0x36);
 133          //      lcd_delay_ms(10);
 134          //}
 135          //
 136          void LCD12864_HAIZI_SET()
 137          {
 138   1              LCD12864_COM_Write(0x30);
 139   1              lcd_delay_ms(10);
 140   1              LCD12864_COM_Write(0x30);
 141   1              lcd_delay_ms(10);
 142   1      }
 143          //
 144          //
 145          //void LCD12864_HAIZI_WRITE(unsigned char xpos,unsigned char ypos,unsigned char daH,unsigned char daL)
 146          ////ST7920 汉字字符写入
 147          ////参数说明:   xpos 待写入的X位置
 148          ////ypos 待写入的Y位置
 149          ////daH 待写入的汉字的高八位 daL待写入的汉字的低八位
 150          //{
 151          //      unsigned char xy_pos;
 152          //      if((xpos>=8)||(ypos>=4) ) return; /*X位置超出显示范围退出*/
 153          //      if(ypos==0)         xy_pos = 0x80 + xpos;
 154          //      else if(ypos==1) xy_pos = 0x90 + xpos; /*计算转换地址*/
 155          //      else if(ypos==2) xy_pos = 0x88 + xpos;
 156          //      else if(ypos==3) xy_pos = 0x98 + xpos;
 157          //      LCD12864_COM_Write(xy_pos); /*写地址*/
 158          //      lcd_delay_ms(1);
 159          //      LCD12864_Data_Write(daH); /*写高八位数据*/
 160          //      lcd_delay_ms(1);        
 161          //      LCD12864_Data_Write(daL); /*写低八位数据*/      
 162          //      lcd_delay_ms(1);
 163          //}
 164          //
 165          //
 166          //void LCD12864_PHOTO_WRITE(unsigned char *img)
 167          //{
 168          //      unsigned char x,y,i,j;
 169          //      unsigned int k=0;
 170          //      y=0x80; /*设置起始 绘图区的 Y地址坐标*/
 171          //      x=0x80; /*设置起始 绘图区的 X地址坐标*/
 172          //      for(i=0;i<32;i++){  /*写上半部*/
 173          //              LCD12864_COM_Write(y);
 174          //              LCD12864_COM_Write(x);
 175          //              for(j=0;j<16;j++){
 176          //                      LCD12864_Data_Write(img[k]);
 177          //                      k++;
 178          //                      }
 179          //              y++;
C51 COMPILER V9.00   LCD12864                                                              07/11/2013 17:06:51 PAGE 4   

 180          //              }
 181          //      
 182          //      y=0x80; /*设置起始 绘图区的 Y地址坐标*/
 183          //      x=0x88; /*设置起始 绘图区的 X地址坐标*/
 184          //      for(i=0;i<32;i++){  /*写下半部*/
 185          //              LCD12864_COM_Write(y);
 186          //              LCD12864_COM_Write(x);
 187          //              for(j=0;j<16;j++){
 188          //                      LCD12864_Data_Write(img[k]);
 189          //                      k++;
 190          //                      }
 191          //              y++;
 192          //              }
 193          //      
 194          //}


MODULE INFORMATION:   STATIC OVERLAYABLE
   CODE SIZE        =    196    ----
   CONSTANT SIZE    =   ----    ----
   XDATA SIZE       =   ----    ----
   PDATA SIZE       =   ----    ----
   DATA SIZE        =   ----    ----
   IDATA SIZE       =   ----    ----
   BIT SIZE         =   ----    ----
END OF MODULE INFORMATION.


C51 COMPILATION COMPLETE.  0 WARNING(S),  0 ERROR(S)
