C51 COMPILER V9.00   MAIN                                                                  07/11/2013 17:06:51 PAGE 1   


C51 COMPILER V9.00, COMPILATION OF MODULE MAIN
OBJECT MODULE PLACED IN main.OBJ
COMPILER INVOKED BY: C:\Keil\C51\BIN\C51.EXE main.c BROWSE DEBUG OBJECTEXTEND

line level    source

   1          //****************************************************
   2          //****************************************************
   3                  //最小系统液晶转接板LCD12864测试程序
   4          //****************************************************
   5          //****************************************************
   6          #include "main.h"
   7          #include "LCD12864.h"
   8          
   9          //定义变量
  10          
  11          //****************************************************
  12          //主函数
  13          //****************************************************
  14          void main()
  15          {
  16   1              LCD12864_Reset();                                                               //初始化液晶
  17   1              LCD12864_HAIZI_SET();                                                   //设置为普通模式
  18   1              
  19   1              Delay_ms(100);
  20   1      
  21   1              LCD12864_NoWaitIdle_COM_Write(0x80);                    //设置指针
  22   1              LCD12864_write_word("别人笑我太疯癫，");                                //显示内容
  23   1              LCD12864_NoWaitIdle_COM_Write(0x90);                    //设置指针
  24   1              LCD12864_write_word("我笑他人看不穿。");                        //显示内容
  25   1              LCD12864_NoWaitIdle_COM_Write(0x88);                    //设置指针
  26   1              LCD12864_write_word("不见五陵豪杰墓，");                //显示内容
  27   1              LCD12864_NoWaitIdle_COM_Write(0x98);                    //设置指针
  28   1              LCD12864_write_word("无花无酒锄作田。");                                //显示内容
  29   1              while(1)
  30   1              {
  31   2                      
  32   2              }
  33   1      }
  34          //****************************************************
  35          //MS延时函数(12M晶振下测试)
  36          //****************************************************
  37          void Delay_ms(unsigned int n)
  38          {
  39   1              unsigned int  i,j;
  40   1              for(i=0;i<n;i++)
  41   1                      for(j=0;j<123;j++);
  42   1      }


MODULE INFORMATION:   STATIC OVERLAYABLE
   CODE SIZE        =    103    ----
   CONSTANT SIZE    =     68    ----
   XDATA SIZE       =   ----    ----
   PDATA SIZE       =   ----    ----
   DATA SIZE        =   ----    ----
   IDATA SIZE       =   ----    ----
   BIT SIZE         =   ----    ----
END OF MODULE INFORMATION.


C51 COMPILATION COMPLETE.  0 WARNING(S),  0 ERROR(S)
