C51 COMPILER V9.00   MAIN                                                                  07/16/2013 11:06:26 PAGE 1   


C51 COMPILER V9.00, COMPILATION OF MODULE MAIN
OBJECT MODULE PLACED IN main.OBJ
COMPILER INVOKED BY: C:\Keil\C51\BIN\C51.EXE main.c BROWSE DEBUG OBJECTEXTEND

line level    source

   1          //****************************************************
   2          //****************************************************
   3                          //小强电子最小系统液晶转接板例程
   4          //****************************************************
   5          //****************************************************
   6          #include "main.h"
   7          #include "LCD1602.h"
   8          
   9          //****************************************************
  10          //主函数
  11          //****************************************************
  12          void main()
  13          {
  14   1              Init_LCD1602();                                                                 //初始化LCD1602
  15   1              LCD1602_write_com(0x80);                                                //指针设置到第一行
  16   1              LCD1602_write_word("Welcome to use!");                  //显示内容
  17   1              LCD1602_write_com(0x80+0x40+5);                         //指针设置到第二行
  18   1              LCD1602_write_word("Beetle v0.1");                                              //显示内容
  19   1              while(1)
  20   1              {
  21   2                      LED1 = 0;                        //LED1点亮
  22   2                      LED2 = 1;                        //LED2熄灭
  23   2                      Delay_ms(1000);          //延时1s
  24   2                      LED1 = 1;                        //LED1熄灭
  25   2                      LED2 = 0;                        //LED2点亮
  26   2                      Delay_ms(1000);          //延时1s               
  27   2              }
  28   1      }
  29          
  30          //****************************************************
  31          //MS延时函数(12M晶振下测试)
  32          //****************************************************
  33          void Delay_ms(unsigned int n)
  34          {
  35   1              unsigned int  i,j;
  36   1              for(i=0;i<n;i++)
  37   1                      for(j=0;j<123;j++);
  38   1      }


MODULE INFORMATION:   STATIC OVERLAYABLE
   CODE SIZE        =     87    ----
   CONSTANT SIZE    =     28    ----
   XDATA SIZE       =   ----    ----
   PDATA SIZE       =   ----    ----
   DATA SIZE        =   ----    ----
   IDATA SIZE       =   ----    ----
   BIT SIZE         =   ----    ----
END OF MODULE INFORMATION.


C51 COMPILATION COMPLETE.  0 WARNING(S),  0 ERROR(S)
