C51 COMPILER V9.00   MAIN                                                                  05/08/2016 10:08:29 PAGE 1   


C51 COMPILER V9.00, COMPILATION OF MODULE MAIN
OBJECT MODULE PLACED IN main.OBJ
COMPILER INVOKED BY: E:\2.DevelopSoft\Keil\C51\BIN\C51.EXE main.c BROWSE DEBUG OBJECTEXTEND

line level    source

   1          #include "main.h"
   2          #include "TFT.h"
   3          
   4          
   5          
   6          void main()
   7          {
   8   1              lcd_initial();
   9   1              bl=1;
  10   1              dsp_single_colour(WHITE);//°×É«
  11   1              Display_Desc();
  12   1              dsp_single_colour(BLACK);//ºÚÉ« 
  13   1              while(1)
  14   1              {
  15   2                      Display_ASCII8X16_Color(10,10,"111",RED,BLACK); 
  16   2                      Display_ASCII8X16_Color(10,10,"222",RED,BLACK); 
  17   2                      Display_ASCII8X16_Color(10,10,"333",RED,BLACK);         
  18   2              }       
  19   1      }
  20          
  21          
  22          
  23          void Display_Desc()
  24          { 
  25   1          Display_ASCII8X16_Color(10,10,"Welcome",RED,WHITE);
  26   1          Display_ASCII8X16_Color(10,26,"ILoveMCU",GREEN,WHITE);
  27   1          Display_ASCII8X16_Color(10,42,"Dots:128*128",BLUE,WHITE);
  28   1          Display_ASCII8X16_Color(10,58,"IC: ST7735",BLACK,WHITE);
  29   1          Display_ASCII8X16_Color(10,74,"VA:6 o'clock",YELLOW,WHITE);
  30   1          Display_ASCII8X16_Color(10,90,"2016.05.08",RED,WHITE);
  31   1      }
  32          


MODULE INFORMATION:   STATIC OVERLAYABLE
   CODE SIZE        =    274    ----
   CONSTANT SIZE    =     77    ----
   XDATA SIZE       =   ----    ----
   PDATA SIZE       =   ----    ----
   DATA SIZE        =   ----    ----
   IDATA SIZE       =   ----    ----
   BIT SIZE         =   ----    ----
END OF MODULE INFORMATION.


C51 COMPILATION COMPLETE.  0 WARNING(S),  0 ERROR(S)
