C51 COMPILER V9.00   MAIN                                                                  05/08/2016 10:27:04 PAGE 1   


C51 COMPILER V9.00, COMPILATION OF MODULE MAIN
OBJECT MODULE PLACED IN main.OBJ
COMPILER INVOKED BY: E:\2.DevelopSoft\Keil\C51\BIN\C51.EXE main.c BROWSE DEBUG OBJECTEXTEND

line level    source

   1          #include "main.h"
   2          #include "TFT.h"
   3          
   4          void main()
   5          {
   6   1              lcd_initial();
   7   1              bl=1;
   8   1      //      dsp_single_colour(WHITE);//白色
   9   1      //      Display_Desc();
  10   1      //      dsp_single_colour(BLACK);//黑色 
  11   1      //      Display_ASCII8X16_Color(10,10,"111",RED,BLACK); 
  12   1      //      Display_ASCII8X16_Color(10,10,"222",RED,BLACK); 
  13   1      //      Display_ASCII8X16_Color(10,10,"333",RED,BLACK); 
  14   1              while(1)
  15   1              {
  16   2                      Font_Test();                    
  17   2              }       
  18   1      }
  19          
  20          
  21          
  22          void Display_Desc()
  23          { 
  24   1          Display_ASCII8X16_Color(10,10,"Welcome",RED,WHITE);
  25   1          Display_ASCII8X16_Color(10,26,"ILoveMCU",GREEN,WHITE);
  26   1          Display_ASCII8X16_Color(10,42,"Dots:128*128",BLUE,WHITE);
  27   1          Display_ASCII8X16_Color(10,58,"IC: ST7735",BLACK,WHITE);
  28   1          Display_ASCII8X16_Color(10,74,"VA:6 o'clock",YELLOW,WHITE);
  29   1          Display_ASCII8X16_Color(10,90,"2016.05.08",RED,WHITE);
  30   1      }
  31          
  32          void Font_Test(void)
  33          {
  34   1              dsp_single_colour(WHITE);
  35   1              Fast_DrawFont_GBK16(16,10,BLUE,YELLOW,  "中文显示测试");
  36   1              Fast_DrawFont_GBK16(16,30,RED,WHITE,    "大学生电子商铺");
  37   1              Fast_DrawFont_GBK16(40,50,BLUE,WHITE,   "欢迎您");
  38   1              Fast_DrawFont_GBK16(32,70,WHITE,BLUE,   "因为专注");
  39   1              Fast_DrawFont_GBK16(32,90,WHITE,BLUE,   "所以专业");
  40   1      
  41   1              delay_ms(1800); 
  42   1      }


MODULE INFORMATION:   STATIC OVERLAYABLE
   CODE SIZE        =    345    ----
   CONSTANT SIZE    =    118    ----
   XDATA SIZE       =   ----    ----
   PDATA SIZE       =   ----    ----
   DATA SIZE        =   ----    ----
   IDATA SIZE       =   ----    ----
   BIT SIZE         =   ----    ----
END OF MODULE INFORMATION.


C51 COMPILATION COMPLETE.  0 WARNING(S),  0 ERROR(S)
